<?xml version="1.0" encoding="UTF-8"?>
<!-- Generated by org.testng.reporters.JUnitXMLReporter -->
<testsuite hostname="IABLR-LT155" name="Test" tests="1" failures="1" timestamp="14 Nov 2019 16:03:58 GMT" time="0.648" errors="0">
  <testcase name="runScenario" time="0.384" classname="RunnerR.RunCukeR">
    <failure type="java.lang.NullPointerException">
      <![CDATA[java.lang.NullPointerException
	at StepDefnitionsR.CreateUser.i_send_Post_request(CreateUser.java:40)
	at ✽.I send Post request(./src/test/Feature_FilesR/Reqres.feature:18)
]]>
    </failure>
  </testcase> <!-- runScenario -->
</testsuite> <!-- Test -->
