<?xml version="1.0" encoding="UTF-8"?>
<testng-results skipped="0" failed="0" ignored="0" total="1" passed="1">
  <reporter-output>
  </reporter-output>
  <suite name="Suite" duration-ms="4996" started-at="2019-11-14T16:08:16Z" finished-at="2019-11-14T16:08:21Z">
    <groups>
      <group name="cucumber">
        <method signature="AbstractTestNGCucumberTests.runScenario(cucumber.api.testng.PickleEventWrapper, cucumber.api.testng.CucumberFeatureWrapper)[pri:0, instance:RunnerR.RunCukeR@50c87b21]" name="runScenario" class="cucumber.api.testng.AbstractTestNGCucumberTests"/>
      </group> <!-- cucumber -->
    </groups>
    <test name="Test" duration-ms="4996" started-at="2019-11-14T16:08:16Z" finished-at="2019-11-14T16:08:21Z">
      <class name="RunnerR.RunCukeR">
        <test-method status="PASS" signature="setUpClass()[pri:0, instance:RunnerR.RunCukeR@50c87b21]" name="setUpClass" is-config="true" duration-ms="158" started-at="2019-11-14T16:08:16Z" finished-at="2019-11-14T16:08:16Z">
          <reporter-output>
          </reporter-output>
        </test-method> <!-- setUpClass -->
        <test-method status="PASS" signature="runScenario(cucumber.api.testng.PickleEventWrapper, cucumber.api.testng.CucumberFeatureWrapper)[pri:0, instance:RunnerR.RunCukeR@50c87b21]" name="runScenario" duration-ms="4731" started-at="2019-11-14T16:08:16Z" description="Runs Cucumber Scenarios" data-provider="scenarios" finished-at="2019-11-14T16:08:21Z">
          <params>
            <param index="0">
              <value>
                <![CDATA["Create New User"]]>
              </value>
            </param>
            <param index="1">
              <value>
                <![CDATA["Cutomer_Feature"]]>
              </value>
            </param>
          </params>
          <reporter-output>
          </reporter-output>
        </test-method> <!-- runScenario -->
        <test-method status="PASS" signature="tearDownClass()[pri:0, instance:RunnerR.RunCukeR@50c87b21]" name="tearDownClass" is-config="true" duration-ms="48" started-at="2019-11-14T16:08:21Z" finished-at="2019-11-14T16:08:21Z">
          <reporter-output>
          </reporter-output>
        </test-method> <!-- tearDownClass -->
      </class> <!-- RunnerR.RunCukeR -->
    </test> <!-- Test -->
  </suite> <!-- Suite -->
</testng-results>
