<?xml version="1.0" encoding="UTF-8"?>
<testng-results skipped="0" failed="1" total="1" passed="0">
  <reporter-output>
  </reporter-output>
  <suite name="Suite" duration-ms="648" started-at="2019-11-14T16:03:57Z" finished-at="2019-11-14T16:03:58Z">
    <groups>
      <group name="cucumber">
        <method signature="AbstractTestNGCucumberTests.runScenario(cucumber.api.testng.PickleEventWrapper, cucumber.api.testng.CucumberFeatureWrapper)[pri:0, instance:RunnerR.RunCukeR@271053e1]" name="runScenario" class="cucumber.api.testng.AbstractTestNGCucumberTests"/>
      </group> <!-- cucumber -->
    </groups>
    <test name="Test" duration-ms="648" started-at="2019-11-14T16:03:57Z" finished-at="2019-11-14T16:03:58Z">
      <class name="RunnerR.RunCukeR">
        <test-method status="PASS" signature="setUpClass()[pri:0, instance:RunnerR.RunCukeR@271053e1]" name="setUpClass" is-config="true" duration-ms="149" started-at="2019-11-14T21:33:57Z" finished-at="2019-11-14T21:33:58Z">
          <reporter-output>
          </reporter-output>
        </test-method> <!-- setUpClass -->
        <test-method status="FAIL" signature="runScenario(cucumber.api.testng.PickleEventWrapper, cucumber.api.testng.CucumberFeatureWrapper)[pri:0, instance:RunnerR.RunCukeR@271053e1]" name="runScenario" duration-ms="384" started-at="2019-11-14T21:33:58Z" description="Runs Cucumber Scenarios" data-provider="scenarios" finished-at="2019-11-14T21:33:58Z">
          <params>
            <param index="0">
              <value>
                <![CDATA["Create New User"]]>
              </value>
            </param>
            <param index="1">
              <value>
                <![CDATA["Cutomer_Feature"]]>
              </value>
            </param>
          </params>
          <exception class="java.lang.NullPointerException">
            <full-stacktrace>
              <![CDATA[java.lang.NullPointerException
	at StepDefnitionsR.CreateUser.i_send_Post_request(CreateUser.java:40)
	at ✽.I send Post request(./src/test/Feature_FilesR/Reqres.feature:18)
]]>
            </full-stacktrace>
          </exception> <!-- java.lang.NullPointerException -->
          <reporter-output>
          </reporter-output>
        </test-method> <!-- runScenario -->
        <test-method status="PASS" signature="tearDownClass()[pri:0, instance:RunnerR.RunCukeR@271053e1]" name="tearDownClass" is-config="true" duration-ms="58" started-at="2019-11-14T21:33:58Z" finished-at="2019-11-14T21:33:58Z">
          <reporter-output>
          </reporter-output>
        </test-method> <!-- tearDownClass -->
      </class> <!-- RunnerR.RunCukeR -->
    </test> <!-- Test -->
  </suite> <!-- Suite -->
</testng-results>
