<?xml version="1.0" encoding="UTF-8"?>
<!-- Generated by org.testng.reporters.JUnitReportReporter -->
<testsuite hostname="IABLR-LT155" name="RunnerR.RunCukeR" tests="1" failures="0" timestamp="14 Nov 2019 16:03:58 GMT" time="0.384" errors="1">
  <testcase name="runScenario" time="0.384" classname="RunnerR.RunCukeR">
    <error type="java.lang.NullPointerException">
      <![CDATA[java.lang.NullPointerException
	at StepDefnitionsR.CreateUser.i_send_Post_request(CreateUser.java:40)
	at ✽.I send Post request(./src/test/Feature_FilesR/Reqres.feature:18)
]]>
    </error>
  </testcase> <!-- runScenario -->
</testsuite> <!-- RunnerR.RunCukeR -->
